生成启动时间为 2013/11/18 17:14:50。
     1>项目“E:\coding\coder gospel\coder gospel\coder gospel.vcxproj”在节点 2 上(rebuild 个目标)。
     1>_PrepareForClean:
         正在删除文件“Debug\coder gospel.lastbuildstate”。
       InitializeBuildStatus:
         正在对“Debug\coder gospel.unsuccessfulbuild”执行 Touch 任务。
       ClCompile:
         D:\ProgramFile\VisualStudio2010\VC\bin\CL.exe /c /ZI /nologo /W3 /WX- /Od /Oy- /D WIN32 /D _DEBUG /D _CONSOLE /D _UNICODE /D UNICODE /Gm /EHsc /RTC1 /MDd /GS /fp:precise /Zc:wchar_t /Zc:forScope /Yc"StdAfx.h" /Fp"Debug\coder gospel.pch" /Fo"Debug\\" /Fd"Debug\vc100.pdb" /Gd /TP /analyze- /errorReport:prompt stdafx.cpp
         stdafx.cpp
         D:\ProgramFile\VisualStudio2010\VC\bin\CL.exe /c /ZI /nologo /W3 /WX- /Od /Oy- /D WIN32 /D _DEBUG /D _CONSOLE /D _UNICODE /D UNICODE /Gm /EHsc /RTC1 /MDd /GS /fp:precise /Zc:wchar_t /Zc:forScope /Yu"StdAfx.h" /Fp"Debug\coder gospel.pch" /Fo"Debug\\" /Fd"Debug\vc100.pdb" /Gd /TP /analyze- /errorReport:prompt "coder gospel.cpp" Content.cpp GenerateImage.cpp
         GenerateImage.cpp
     1>d:\opencv\build\include\opencv2\flann\logger.h(66): warning C4996: 'fopen': This function or variable may be unsafe. Consider using fopen_s instead. To disable deprecation, use _CRT_SECURE_NO_WARNINGS. See online help for details.
                 d:\programfile\visualstudio2010\vc\include\stdio.h(234) : 参见“fopen”的声明
         Content.cpp
         coder gospel.cpp
     1>d:\opencv\build\include\opencv2\flann\logger.h(66): warning C4996: 'fopen': This function or variable may be unsafe. Consider using fopen_s instead. To disable deprecation, use _CRT_SECURE_NO_WARNINGS. See online help for details.
                 d:\programfile\visualstudio2010\vc\include\stdio.h(234) : 参见“fopen”的声明
         正在生成代码...
       ManifestResourceCompile:
         C:\Program Files (x86)\Microsoft SDKs\Windows\v7.0A\bin\rc.exe /nologo /fo"Debug\coder gospel.exe.embed.manifest.res" "Debug\coder gospel_manifest.rc" 
       Link:
         D:\ProgramFile\VisualStudio2010\VC\bin\link.exe /ERRORREPORT:PROMPT /OUT:"E:\coding\3DUNDERWORLD_SLSv3.2\Debug\coder gospel.exe" /INCREMENTAL /NOLOGO opencv_core244d.lib opencv_highgui244d.lib opencv_video244d.lib opencv_ml244d.lib opencv_legacy244d.lib opencv_calib3d244d.lib opencv_contrib244d.lib opencv_features2d244d.lib opencv_flann244d.lib opencv_gpu244d.lib opencv_imgproc244d.lib opencv_objdetect244d.lib opencv_ts244d.lib kernel32.lib user32.lib gdi32.lib winspool.lib comdlg32.lib advapi32.lib shell32.lib ole32.lib oleaut32.lib uuid.lib odbc32.lib odbccp32.lib /MANIFEST /ManifestFile:"Debug\coder gospel.exe.intermediate.manifest" /MANIFESTUAC:"level='asInvoker' uiAccess='false'" /DEBUG /PDB:"E:\coding\3DUNDERWORLD_SLSv3.2\Debug\coder gospel.pdb" /SUBSYSTEM:CONSOLE /TLBID:1 /DYNAMICBASE /NXCOMPAT /IMPLIB:"E:\coding\3DUNDERWORLD_SLSv3.2\Debug\coder gospel.lib" /MACHINE:X86 "Debug\coder gospel.exe.embed.manifest.res"
         "Debug\coder gospel.obj"
         Debug\Content.obj
         Debug\GenerateImage.obj
         Debug\stdafx.obj
     1>opencv_highgui244d.lib(opencv_highgui244d.dll) : fatal error LNK1112: 模块计算机类型“x64”与目标计算机类型“X86”冲突
     1>已完成生成项目“E:\coding\coder gospel\coder gospel\coder gospel.vcxproj”(rebuild 个目标)的操作 - 失败。

生成失败。

已用时间 00:00:11.09
