E:\coding\coder gospel\coder gospel\Debug\cl.command.1.tlog
E:\coding\coder gospel\coder gospel\Debug\CL.read.1.tlog
E:\coding\coder gospel\coder gospel\Debug\CL.write.1.tlog
E:\coding\coder gospel\coder gospel\Debug\coder gospel.exe.embed.manifest
E:\CODING\CODER GOSPEL\CODER GOSPEL\DEBUG\CODER GOSPEL.EXE.EMBED.MANIFEST.RES
E:\coding\coder gospel\coder gospel\Debug\coder gospel.exe.intermediate.manifest
E:\CODING\CODER GOSPEL\CODER GOSPEL\DEBUG\CODER GOSPEL.OBJ
E:\CODING\CODER GOSPEL\CODER GOSPEL\DEBUG\CODER GOSPEL.PCH
E:\coding\coder gospel\coder gospel\Debug\coder gospel_manifest.rc
E:\coding\coder gospel\coder gospel\Debug\link.command.1.tlog
E:\coding\coder gospel\coder gospel\Debug\link.read.1.tlog
E:\coding\coder gospel\coder gospel\Debug\link.write.1.tlog
E:\coding\coder gospel\coder gospel\Debug\link-cvtres.read.1.tlog
E:\coding\coder gospel\coder gospel\Debug\link-cvtres.write.1.tlog
E:\coding\coder gospel\coder gospel\Debug\rc.command.1.tlog
E:\coding\coder gospel\coder gospel\Debug\rc.read.1.tlog
E:\coding\coder gospel\coder gospel\Debug\rc.write.1.tlog
E:\CODING\CODER GOSPEL\CODER GOSPEL\DEBUG\STDAFX.OBJ
E:\coding\coder gospel\coder gospel\Debug\vc100.idb
E:\CODING\CODER GOSPEL\CODER GOSPEL\DEBUG\VC100.PDB
