E:\coding\coder gospel\coder gospel\x64\Debug\cl.command.1.tlog
E:\coding\coder gospel\coder gospel\x64\Debug\CL.read.1.tlog
E:\coding\coder gospel\coder gospel\x64\Debug\CL.write.1.tlog
E:\CODING\CODER GOSPEL\CODER GOSPEL\X64\DEBUG\CODER GOSPEL.EXE.INTERMEDIATE.MANIFEST
E:\CODING\CODER GOSPEL\CODER GOSPEL\X64\DEBUG\CODER GOSPEL.OBJ
E:\CODING\CODER GOSPEL\CODER GOSPEL\X64\DEBUG\CODER GOSPEL.PCH
E:\coding\coder gospel\coder gospel\x64\Debug\coder gospel.write.1.tlog
E:\CODING\CODER GOSPEL\CODER GOSPEL\X64\DEBUG\CONTENT.OBJ
E:\CODING\CODER GOSPEL\CODER GOSPEL\X64\DEBUG\GENERATEIMAGE.OBJ
E:\coding\coder gospel\coder gospel\x64\Debug\link.command.1.tlog
E:\coding\coder gospel\coder gospel\x64\Debug\link.read.1.tlog
E:\coding\coder gospel\coder gospel\x64\Debug\link.write.1.tlog
E:\coding\coder gospel\coder gospel\x64\Debug\mt.command.1.tlog
E:\coding\coder gospel\coder gospel\x64\Debug\mt.read.1.tlog
E:\coding\coder gospel\coder gospel\x64\Debug\mt.write.1.tlog
E:\CODING\CODER GOSPEL\CODER GOSPEL\X64\DEBUG\STDAFX.OBJ
E:\coding\coder gospel\coder gospel\x64\Debug\vc100.idb
E:\CODING\CODER GOSPEL\CODER GOSPEL\X64\DEBUG\VC100.PDB
E:\CODING\CODER GOSPEL\X64\DEBUG\CODER GOSPEL.EXE
E:\CODING\CODER GOSPEL\X64\DEBUG\CODER GOSPEL.EXE.MANIFEST
E:\CODING\CODER GOSPEL\X64\DEBUG\CODER GOSPEL.ILK
E:\CODING\CODER GOSPEL\X64\DEBUG\CODER GOSPEL.PDB
